<?xml version="1.0" encoding="UTF-8"?>
<!-- Generated by org.testng.reporters.JUnitXMLReporter -->
<testsuite hostname="TY-Pramod-Personal" ignored="2" name="Test" tests="4" failures="2" timestamp="16 Sep 2018 07:11:32 GMT" time="48.929" errors="0">
  <testcase name="composeMail" time="0.013" classname="com.automation.testscripts.Inbox"/>
  <testcase name="deleteMail" time="0.009" classname="com.automation.testscripts.Inbox">
    <failure type="java.lang.AssertionError" message="null">
      <![CDATA[java.lang.AssertionError: null
at com.automation.testscripts.Inbox.deleteMail(Inbox.java:18)
... Removed 27 stack frames]]>
    </failure>
  </testcase> <!-- deleteMail -->
  <testcase name="forwardMail" time="0.003" classname="com.automation.testscripts.SentItem"/>
  <testcase name="verifyMail" time="0.002" classname="com.automation.testscripts.SentItem">
    <failure type="java.lang.AssertionError" message="null">
      <![CDATA[java.lang.AssertionError: null
at com.automation.testscripts.SentItem.verifyMail(SentItem.java:13)
... Removed 27 stack frames]]>
    </failure>
  </testcase> <!-- verifyMail -->
  <testcase name="@BeforeSuite suiteSetUp" time="0.0" classname="com.automation.generics.BaseTest">
    <ignored/>
  </testcase> <!-- @BeforeSuite suiteSetUp -->
  <testcase name="@AfterSuite suiteTearDown" time="0.0" classname="com.automation.generics.BaseTest">
    <ignored/>
  </testcase> <!-- @AfterSuite suiteTearDown -->
</testsuite> <!-- Test -->
